Using Theano backend.
Using gpu device 0: GRID K520 (CNMeM is disabled, CuDNN not available)
/usr/local/lib/python2.7/dist-packages/Keras-0.3.2-py2.7.egg/keras/datasets/data_utils.py:4: UserWarning: data_utils has been moved to keras.utils.data_utils.
/data/lstm
0
('corpus length:', 4218)
Vectorization...
shapes: (91480, 5, 300)
Build model...
Done
 * Running on http://0.0.0.0:8084/ (Press CTRL+C to quit)
 * Restarting with stat
Using Theano backend.
Using gpu device 0: GRID K520 (CNMeM is disabled, CuDNN not available)
/usr/local/lib/python2.7/dist-packages/Keras-0.3.2-py2.7.egg/keras/datasets/data_utils.py:4: UserWarning: data_utils has been moved to keras.utils.data_utils.
/data/lstm
0
('corpus length:', 4218)
Vectorization...
shapes: (91480, 5, 300)
Build model...
Done
 * Debugger is active!
 * Debugger pin code: 156-520-280
/data/lstm/src/test.py:150: RuntimeWarning: divide by zero encountered in log
  a = np.log(a) / temperature
54.215.83.96 - - [16/Mar/2016 20:01:54] "GET /handleMessage?message=are%20you%20going%20to%20win%20over%20hillary%20clinton HTTP/1.1" 200 -
52.90.33.223 - - [16/Mar/2016 20:02:20] "GET /handleMessage?message=are%20you%20going%20to%20win%20over%20hillary%20clinton HTTP/1.1" 200 -
128.177.165.170 - - [16/Mar/2016 20:02:24] "GET /handleMessage?message=are%20you%20going%20to%20win%20over%20hillary%20clinton HTTP/1.1" 200 -
128.177.165.170 - - [16/Mar/2016 20:02:24] "GET /favicon.ico HTTP/1.1" 404 -
54.215.83.96 - - [16/Mar/2016 20:02:35] "GET /handleMessage?message=are%20you%20going%20to%20win%20over%20hillary%20clinton HTTP/1.1" 200 -
